15:53:55: Creating resource group General
15:53:55: Creating resource group Internal
15:53:55: Creating resource group Autodetect
15:53:55: SceneManagerFactory for type 'DefaultSceneManager' registered.
15:53:55: Registering ResourceManager for type Material
15:53:55: Registering ResourceManager for type Mesh
15:53:55: Registering ResourceManager for type Skeleton
15:53:55: MovableObjectFactory for type 'ParticleSystem' registered.
15:53:55: ArchiveFactory for archive type FileSystem registered.
15:53:55: ArchiveFactory for archive type Zip registered.
15:53:55: ArchiveFactory for archive type EmbeddedZip registered.
15:53:55: DDS codec registering
15:53:55: ETC codec registering
15:53:55: stb_image - v2.15 - public domain JPEG/PNG reader
15:53:55: Supported formats: jpeg,jpg,png,bmp,psd,tga,gif,pic,ppm,pgm,hdr
15:53:55: Registering ResourceManager for type HighLevelGpuProgram
15:53:55: Registering ResourceManager for type Compositor
15:53:55: MovableObjectFactory for type 'Entity' registered.
15:53:55: MovableObjectFactory for type 'Light' registered.
15:53:55: MovableObjectFactory for type 'BillboardSet' registered.
15:53:55: MovableObjectFactory for type 'ManualObject' registered.
15:53:55: MovableObjectFactory for type 'BillboardChain' registered.
15:53:55: MovableObjectFactory for type 'RibbonTrail' registered.
15:53:55: Loading library /usr/lib/OGRE/RenderSystem_GL
15:53:55: Installing plugin: GL RenderSystem
15:53:55: OpenGL Rendering Subsystem created.
15:53:55: Plugin successfully installed
15:53:55: Loading library /usr/lib/OGRE/RenderSystem_GL3Plus
15:53:55: Installing plugin: GL 3+ RenderSystem
15:53:55: OpenGL 3+ Rendering Subsystem created.
15:53:55: Plugin successfully installed
15:53:55: Loading library /usr/lib/OGRE/Plugin_ParticleFX
15:53:55: Installing plugin: ParticleFX
15:53:55: Particle Emitter Type 'Point' registered
15:53:55: Particle Emitter Type 'Box' registered
15:53:55: Particle Emitter Type 'Ellipsoid' registered
15:53:55: Particle Emitter Type 'Cylinder' registered
15:53:55: Particle Emitter Type 'Ring' registered
15:53:55: Particle Emitter Type 'HollowEllipsoid' registered
15:53:55: Particle Affector Type 'LinearForce' registered
15:53:55: Particle Affector Type 'ColourFader' registered
15:53:55: Particle Affector Type 'ColourFader2' registered
15:53:55: Particle Affector Type 'ColourImage' registered
15:53:55: Particle Affector Type 'ColourInterpolator' registered
15:53:55: Particle Affector Type 'Scaler' registered
15:53:55: Particle Affector Type 'Rotator' registered
15:53:55: Particle Affector Type 'DirectionRandomiser' registered
15:53:55: Particle Affector Type 'DeflectorPlane' registered
15:53:55: Plugin successfully installed
15:53:55: Loading library /usr/lib/OGRE/Plugin_BSPSceneManager
15:53:55: Installing plugin: BSP Scene Manager
15:53:55: Plugin successfully installed
15:53:55: Loading library /usr/lib/OGRE/Plugin_CgProgramManager
15:53:55: Installing plugin: Cg Program Manager
15:53:55: Plugin successfully installed
15:53:55: Loading library /usr/lib/OGRE/Plugin_PCZSceneManager
15:53:55: Installing plugin: Portal Connected Zone Scene Manager
15:53:55: PCZone Factory Type 'ZoneType_Default' registered
15:53:55: Plugin successfully installed
15:53:55: Loading library /usr/lib/OGRE/Plugin_OctreeZone
15:53:55: Installing plugin: Octree Zone Factory
15:53:55: Plugin successfully installed
15:53:55: Loading library /usr/lib/OGRE/Plugin_OctreeSceneManager
15:53:55: Installing plugin: Octree Scene Manager
15:53:55: Plugin successfully installed
15:53:55: *-*-* OGRE Initialising
15:53:55: *-*-* Version 1.10.11 (Xalafu)
15:53:55: Loading library RenderSystem_GL
15:53:55: Installing plugin: GL RenderSystem
15:53:55: OpenGL Rendering Subsystem created.
15:53:55: Plugin successfully installed
15:53:55: Added resource location '/home/dominykas/c++/Juden1-6-master/Assets/' of type 'FileSystem' to resource group 'General' with recursive option
15:53:55: OverlayElementFactory for type Panel registered.
15:53:55: OverlayElementFactory for type BorderPanel registered.
15:53:55: OverlayElementFactory for type TextArea registered.
15:53:55: Registering ResourceManager for type Font
15:53:55: CPU Identifier & Features
15:53:55: -------------------------
15:53:55:  *   CPU ID: GenuineIntel: Intel(R) Core(TM) i7-2670QM CPU @ 2.20GHz
15:53:55:  *          SSE: yes
15:53:55:  *         SSE2: yes
15:53:55:  *         SSE3: yes
15:53:55:  *        SSE41: yes
15:53:55:  *        SSE42: yes
15:53:55:  *          MMX: yes
15:53:55:  *       MMXEXT: yes
15:53:55:  *        3DNOW: no
15:53:55:  *     3DNOWEXT: no
15:53:55:  *         CMOV: yes
15:53:55:  *          TSC: yes
15:53:55:  *INVARIANT TSC: yes
15:53:55:  *          FPU: yes
15:53:55:  *          PRO: yes
15:53:55:  *           HT: no
15:53:55: -------------------------
15:53:55: ******************************
*** Starting GLX Subsystem ***
******************************
15:53:55: GLX_VERSION = 1.4
15:53:55: GLX_EXTENSIONS = GLX_ARB_create_context GLX_ARB_create_context_profile GLX_ARB_create_context_robustness GLX_ARB_fbconfig_float GLX_ARB_framebuffer_sRGB GLX_ARB_get_proc_address GLX_ARB_multisample GLX_EXT_buffer_age GLX_EXT_create_context_es2_profile GLX_EXT_create_context_es_profile GLX_EXT_fbconfig_packed_float GLX_EXT_framebuffer_sRGB GLX_EXT_import_context GLX_EXT_texture_from_pixmap GLX_EXT_visual_info GLX_EXT_visual_rating GLX_INTEL_swap_event GLX_MESA_copy_sub_buffer GLX_MESA_multithread_makecurrent GLX_MESA_query_renderer GLX_MESA_swap_control GLX_OML_swap_method GLX_OML_sync_control GLX_SGIS_multisample GLX_SGIX_fbconfig GLX_SGIX_pbuffer GLX_SGIX_visual_select_group GLX_SGI_make_current_read GLX_SGI_swap_control GLX_SGI_video_sync 
15:53:55: Registering ResourceManager for type Texture
15:53:55: Actual frame buffer FSAA: 0, gamma: false
15:53:55: Created GL 3.0 context
15:53:55: GLXWindow::create used FBConfigID = 194
15:53:55: GL_VERSION = 3.0 Mesa 17.3.4
15:53:55: GL_VENDOR = Intel Open Source Technology Center
15:53:55: GL_RENDERER = Mesa DRI Intel(R) Sandybridge Mobile 
15:53:55: GL_EXTENSIONS = GL_ARB_multisample GL_EXT_abgr GL_EXT_bgra GL_EXT_blend_color GL_EXT_blend_minmax GL_EXT_blend_subtract GL_EXT_copy_texture GL_EXT_polygon_offset GL_EXT_subtexture GL_EXT_texture_object GL_EXT_vertex_array GL_EXT_compiled_vertex_array GL_EXT_texture GL_EXT_texture3D GL_IBM_rasterpos_clip GL_ARB_point_parameters GL_EXT_draw_range_elements GL_EXT_packed_pixels GL_EXT_point_parameters GL_EXT_rescale_normal GL_EXT_separate_specular_color GL_EXT_texture_edge_clamp GL_SGIS_generate_mipmap GL_SGIS_texture_border_clamp GL_SGIS_texture_edge_clamp GL_SGIS_texture_lod GL_ARB_framebuffer_sRGB GL_ARB_multitexture GL_EXT_framebuffer_sRGB GL_IBM_multimode_draw_arrays GL_IBM_texture_mirrored_repeat GL_3DFX_texture_compression_FXT1 GL_ARB_texture_cube_map GL_ARB_texture_env_add GL_ARB_transpose_matrix GL_EXT_blend_func_separate GL_EXT_fog_coord GL_EXT_multi_draw_arrays GL_EXT_secondary_color GL_EXT_texture_env_add GL_EXT_texture_filter_anisotropic GL_EXT_texture_lod_bias GL_INGR_blend_func_separate GL_NV_blend_square GL_NV_light_max_exponent GL_NV_texgen_reflection GL_NV_texture_env_combine4 GL_S3_s3tc GL_SUN_multi_draw_arrays GL_ARB_texture_border_clamp GL_ARB_texture_compression GL_EXT_framebuffer_object GL_EXT_texture_compression_s3tc GL_EXT_texture_env_combine GL_EXT_texture_env_dot3 GL_MESA_window_pos GL_NV_packed_depth_stencil GL_NV_texture_rectangle GL_ARB_depth_texture GL_ARB_occlusion_query GL_ARB_shadow GL_ARB_texture_env_combine GL_ARB_texture_env_crossbar GL_ARB_texture_env_dot3 GL_ARB_texture_mirrored_repeat GL_ARB_window_pos GL_EXT_stencil_two_side GL_EXT_texture_cube_map GL_NV_depth_clamp GL_APPLE_packed_pixels GL_ARB_draw_buffers GL_ARB_fragment_program GL_ARB_fragment_shader GL_ARB_shader_objects GL_ARB_vertex_program GL_ARB_vertex_shader GL_ATI_draw_buffers GL_ATI_texture_env_combine3 GL_ATI_texture_float GL_EXT_shadow_funcs GL_EXT_stencil_wrap GL_MESA_pack_invert GL_NV_primitive_restart GL_ARB_depth_clamp GL_ARB_fragment_program_shadow GL_ARB_half_float_pixel GL_ARB_occlusion_query2 GL_ARB_point_sprite GL_ARB_shading_language_100 GL_ARB_sync GL_ARB_texture_non_power_of_two GL_ARB_vertex_buffer_object GL_ATI_blend_equation_separate GL_EXT_blend_equation_separate GL_OES_read_format GL_ARB_color_buffer_float GL_ARB_pixel_buffer_object GL_ARB_texture_compression_rgtc GL_ARB_texture_float GL_ARB_texture_rectangle GL_EXT_packed_float GL_EXT_pixel_buffer_object GL_EXT_texture_compression_dxt1 GL_EXT_texture_compression_rgtc GL_EXT_texture_rectangle GL_EXT_texture_sRGB GL_EXT_texture_shared_exponent GL_ARB_framebuffer_object GL_EXT_framebuffer_blit GL_EXT_framebuffer_multisample GL_EXT_packed_depth_stencil GL_APPLE_object_purgeable GL_ARB_vertex_array_object GL_ATI_separate_stencil GL_EXT_draw_buffers2 GL_EXT_draw_instanced GL_EXT_gpu_program_parameters GL_EXT_texture_array GL_EXT_texture_integer GL_EXT_texture_sRGB_decode GL_EXT_timer_query GL_OES_EGL_image GL_ARB_copy_buffer GL_ARB_depth_buffer_float GL_ARB_draw_instanced GL_ARB_half_float_vertex GL_ARB_instanced_arrays GL_ARB_map_buffer_range GL_ARB_texture_rg GL_ARB_texture_swizzle GL_ARB_vertex_array_bgra GL_EXT_texture_swizzle GL_EXT_vertex_array_bgra GL_NV_conditional_render GL_AMD_draw_buffers_blend GL_AMD_seamless_cubemap_per_texture GL_ARB_ES2_compatibility GL_ARB_blend_func_extended GL_ARB_debug_output GL_ARB_draw_buffers_blend GL_ARB_draw_elements_base_vertex GL_ARB_explicit_attrib_location GL_ARB_fragment_coord_conventions GL_ARB_provoking_vertex GL_ARB_sample_shading GL_ARB_sampler_objects GL_ARB_seamless_cube_map GL_ARB_shader_texture_lod GL_ARB_texture_cube_map_array GL_ARB_texture_gather GL_ARB_texture_multisample GL_ARB_texture_query_lod GL_ARB_texture_rgb10_a2ui GL_ARB_uniform_buffer_object GL_ARB_vertex_type_2_10_10_10_rev GL_EXT_provoking_vertex GL_EXT_texture_snorm GL_MESA_texture_signed_rgba GL_NV_texture_barrier GL_ARB_get_program_binary GL_ARB_robustness GL_ARB_separate_shader_objects GL_ARB_shader_bit_encoding GL_ARB_timer_query GL_ARB_transform_feedback2 GL_ANGLE_texture_compression_dxt3 GL_ANGLE_texture_compression_dxt5 GL_ARB_compressed_texture_pixel_storage GL_ARB_internalformat_query GL_ARB_map_buffer_alignment GL_ARB_shading_language_420pack GL_ARB_shading_language_packing GL_ARB_texture_storage GL_EXT_framebuffer_multisample_blit_scaled GL_EXT_transform_feedback GL_AMD_shader_trinary_minmax GL_ARB_ES3_compatibility GL_ARB_arrays_of_arrays GL_ARB_clear_buffer_object GL_ARB_copy_image GL_ARB_explicit_uniform_location GL_ARB_invalidate_subdata GL_ARB_program_interface_query GL_ARB_texture_query_levels GL_ARB_texture_storage_multisample GL_ARB_vertex_attrib_binding GL_KHR_debug GL_KHR_robustness GL_ARB_buffer_storage GL_ARB_clear_texture GL_ARB_internalformat_query2 GL_ARB_multi_bind GL_ARB_seamless_cubemap_per_texture GL_ARB_shader_draw_parameters GL_ARB_shader_group_vote GL_ARB_texture_mirror_clamp_to_edge GL_ARB_vertex_type_10f_11f_11f_rev GL_EXT_shader_integer_mix GL_INTEL_performance_query GL_ARB_clip_control GL_ARB_conditional_render_inverted GL_ARB_cull_distance GL_ARB_get_texture_sub_image GL_ARB_pipeline_statistics_query GL_ARB_texture_barrier GL_ARB_transform_feedback_overflow_query GL_EXT_polygon_offset_clamp GL_KHR_blend_equation_advanced GL_KHR_context_flush_control GL_KHR_no_error GL_MESA_shader_integer_functions GL_ARB_polygon_offset_clamp GL_ARB_texture_filter_anisotropic 
15:53:55: ***************************
15:53:55: *** GL Renderer Started ***
15:53:55: ***************************
15:53:55: Registering ResourceManager for type GpuProgram
15:53:55: GLSL support detected
15:53:55: GL: Using GL_EXT_framebuffer_object for rendering to textures (best)
15:53:55: FBO PF_UNKNOWN depth/stencil support: D0S1 D0S4 D0S8 D0S16 D16S0 D16S1 D16S4 D16S8 D16S16 D24S0 D24S1 D24S4 D24S8 D24S16 D32S0 D32S1 D32S4 D32S8 D32S16 Packed-D24S8 
15:53:55: FBO PF_L8 depth/stencil support: D0S0 D0S1 D0S4 D0S8 D0S16 D16S0 D16S1 D16S4 D16S8 D16S16 D24S0 D24S1 D24S4 D24S8 D24S16 D32S0 D32S1 D32S4 D32S8 D32S16 Packed-D24S8 
15:53:55: FBO PF_L16 depth/stencil support: D0S0 D0S1 D0S4 D0S8 D0S16 D16S0 D16S1 D16S4 D16S8 D16S16 D24S0 D24S1 D24S4 D24S8 D24S16 D32S0 D32S1 D32S4 D32S8 D32S16 Packed-D24S8 
15:53:55: FBO PF_A8 depth/stencil support: D0S0 D0S1 D0S4 D0S8 D0S16 D16S0 D16S1 D16S4 D16S8 D16S16 D24S0 D24S1 D24S4 D24S8 D24S16 D32S0 D32S1 D32S4 D32S8 D32S16 Packed-D24S8 
15:53:55: FBO PF_R5G6B5 depth/stencil support: D0S0 D0S1 D0S4 D0S8 D0S16 D16S0 D16S1 D16S4 D16S8 D16S16 D24S0 D24S1 D24S4 D24S8 D24S16 D32S0 D32S1 D32S4 D32S8 D32S16 Packed-D24S8 
15:53:55: FBO PF_B5G6R5 depth/stencil support: D0S0 D0S1 D0S4 D0S8 D0S16 D16S0 D16S1 D16S4 D16S8 D16S16 D24S0 D24S1 D24S4 D24S8 D24S16 D32S0 D32S1 D32S4 D32S8 D32S16 Packed-D24S8 
15:53:55: FBO PF_A4R4G4B4 depth/stencil support: D0S0 D0S1 D0S4 D0S8 D0S16 D16S0 D16S1 D16S4 D16S8 D16S16 D24S0 D24S1 D24S4 D24S8 D24S16 D32S0 D32S1 D32S4 D32S8 D32S16 Packed-D24S8 
15:53:55: FBO PF_A1R5G5B5 depth/stencil support: D0S0 D0S1 D0S4 D0S8 D0S16 D16S0 D16S1 D16S4 D16S8 D16S16 D24S0 D24S1 D24S4 D24S8 D24S16 D32S0 D32S1 D32S4 D32S8 D32S16 Packed-D24S8 
15:53:55: FBO PF_R8G8B8 depth/stencil support: D0S0 D0S1 D0S4 D0S8 D0S16 D16S0 D16S1 D16S4 D16S8 D16S16 D24S0 D24S1 D24S4 D24S8 D24S16 D32S0 D32S1 D32S4 D32S8 D32S16 Packed-D24S8 
15:53:55: FBO PF_B8G8R8 depth/stencil support: D0S0 D0S1 D0S4 D0S8 D0S16 D16S0 D16S1 D16S4 D16S8 D16S16 D24S0 D24S1 D24S4 D24S8 D24S16 D32S0 D32S1 D32S4 D32S8 D32S16 Packed-D24S8 
15:53:55: FBO PF_A8R8G8B8 depth/stencil support: D0S0 D0S1 D0S4 D0S8 D0S16 D16S0 D16S1 D16S4 D16S8 D16S16 D24S0 D24S1 D24S4 D24S8 D24S16 D32S0 D32S1 D32S4 D32S8 D32S16 Packed-D24S8 
15:53:55: FBO PF_A8B8G8R8 depth/stencil support: D0S0 D0S1 D0S4 D0S8 D0S16 D16S0 D16S1 D16S4 D16S8 D16S16 D24S0 D24S1 D24S4 D24S8 D24S16 D32S0 D32S1 D32S4 D32S8 D32S16 Packed-D24S8 
15:53:55: FBO PF_B8G8R8A8 depth/stencil support: D0S0 D0S1 D0S4 D0S8 D0S16 D16S0 D16S1 D16S4 D16S8 D16S16 D24S0 D24S1 D24S4 D24S8 D24S16 D32S0 D32S1 D32S4 D32S8 D32S16 Packed-D24S8 
15:53:55: FBO PF_FLOAT16_RGB depth/stencil support: D0S0 D0S1 D0S4 D0S8 D0S16 D16S0 D16S1 D16S4 D16S8 D16S16 D24S0 D24S1 D24S4 D24S8 D24S16 D32S0 D32S1 D32S4 D32S8 D32S16 Packed-D24S8 
15:53:55: FBO PF_FLOAT16_RGBA depth/stencil support: D0S0 D0S1 D0S4 D0S8 D0S16 D16S0 D16S1 D16S4 D16S8 D16S16 D24S0 D24S1 D24S4 D24S8 D24S16 D32S0 D32S1 D32S4 D32S8 D32S16 Packed-D24S8 
15:53:55: FBO PF_FLOAT32_RGBA depth/stencil support: D0S0 D0S1 D0S4 D0S8 D0S16 D16S0 D16S1 D16S4 D16S8 D16S16 D24S0 D24S1 D24S4 D24S8 D24S16 D32S0 D32S1 D32S4 D32S8 D32S16 Packed-D24S8 
15:53:55: FBO PF_X8R8G8B8 depth/stencil support: D0S0 D0S1 D0S4 D0S8 D0S16 D16S0 D16S1 D16S4 D16S8 D16S16 D24S0 D24S1 D24S4 D24S8 D24S16 D32S0 D32S1 D32S4 D32S8 D32S16 Packed-D24S8 
15:53:55: FBO PF_X8B8G8R8 depth/stencil support: D0S0 D0S1 D0S4 D0S8 D0S16 D16S0 D16S1 D16S4 D16S8 D16S16 D24S0 D24S1 D24S4 D24S8 D24S16 D32S0 D32S1 D32S4 D32S8 D32S16 Packed-D24S8 
15:53:55: FBO PF_R8G8B8A8 depth/stencil support: D0S0 D0S1 D0S4 D0S8 D0S16 D16S0 D16S1 D16S4 D16S8 D16S16 D24S0 D24S1 D24S4 D24S8 D24S16 D32S0 D32S1 D32S4 D32S8 D32S16 Packed-D24S8 
15:53:55: FBO PF_SHORT_RGBA depth/stencil support: D0S0 D0S1 D0S4 D0S8 D0S16 D16S0 D16S1 D16S4 D16S8 D16S16 D24S0 D24S1 D24S4 D24S8 D24S16 D32S0 D32S1 D32S4 D32S8 D32S16 Packed-D24S8 
15:53:55: FBO PF_R3G3B2 depth/stencil support: D0S0 D0S1 D0S4 D0S8 D0S16 D16S0 D16S1 D16S4 D16S8 D16S16 D24S0 D24S1 D24S4 D24S8 D24S16 D32S0 D32S1 D32S4 D32S8 D32S16 Packed-D24S8 
15:53:55: FBO PF_FLOAT16_R depth/stencil support: D0S0 D0S1 D0S4 D0S8 D0S16 D16S0 D16S1 D16S4 D16S8 D16S16 D24S0 D24S1 D24S4 D24S8 D24S16 D32S0 D32S1 D32S4 D32S8 D32S16 Packed-D24S8 
15:53:55: FBO PF_FLOAT32_R depth/stencil support: D0S0 D0S1 D0S4 D0S8 D0S16 D16S0 D16S1 D16S4 D16S8 D16S16 D24S0 D24S1 D24S4 D24S8 D24S16 D32S0 D32S1 D32S4 D32S8 D32S16 Packed-D24S8 
15:53:55: FBO PF_SHORT_RGB depth/stencil support: D0S0 D0S1 D0S4 D0S8 D0S16 D16S0 D16S1 D16S4 D16S8 D16S16 D24S0 D24S1 D24S4 D24S8 D24S16 D32S0 D32S1 D32S4 D32S8 D32S16 Packed-D24S8 
15:53:55: [GL] : Valid FBO targets PF_UNKNOWN PF_L8 PF_L16 PF_A8 PF_R5G6B5 PF_B5G6R5 PF_A4R4G4B4 PF_A1R5G5B5 PF_R8G8B8 PF_B8G8R8 PF_A8R8G8B8 PF_A8B8G8R8 PF_B8G8R8A8 PF_FLOAT16_RGB PF_FLOAT16_RGBA PF_FLOAT32_RGBA PF_X8R8G8B8 PF_X8B8G8R8 PF_R8G8B8A8 PF_SHORT_RGBA PF_R3G3B2 PF_FLOAT16_R PF_FLOAT32_R PF_SHORT_RGB 
15:53:55: RenderSystem capabilities
15:53:55: -------------------------
15:53:55: RenderSystem Name: OpenGL Rendering Subsystem
15:53:55: GPU Vendor: intel
15:53:55: Device Name: Mesa DRI Intel(R) Sandybridge Mobile 
15:53:55: Driver Version: 3.0.0.0
15:53:55:  * Fixed function pipeline: yes
15:53:55:  * Anisotropic texture filtering: yes
15:53:55:  * Cube mapping: yes
15:53:55:  * Hardware stencil buffer: yes
15:53:55:    - Stencil depth: 8
15:53:55:    - Two sided stencil support: yes
15:53:55:    - Wrap stencil values: yes
15:53:55:  * 32-bit index buffers: yes
15:53:55:  * Vertex programs: yes
15:53:55:  * Number of floating-point constants for vertex programs: 4096
15:53:55:  * Number of integer constants for vertex programs: 0
15:53:55:  * Number of boolean constants for vertex programs: 0
15:53:55:  * Fragment programs: yes
15:53:55:  * Number of floating-point constants for fragment programs: 4096
15:53:55:  * Number of integer constants for fragment programs: 0
15:53:55:  * Number of boolean constants for fragment programs: 0
15:53:55:  * Geometry programs: no
15:53:55:  * Number of floating-point constants for geometry programs: 0
15:53:55:  * Number of integer constants for geometry programs: 0
15:53:55:  * Number of boolean constants for geometry programs: 0
15:53:55:  * Tessellation Hull programs: no
15:53:55:  * Number of floating-point constants for tessellation hull programs: 0
15:53:55:  * Number of integer constants for tessellation hull programs: 0
15:53:55:  * Number of boolean constants for tessellation hull programs: 0
15:53:55:  * Tessellation Domain programs: no
15:53:55:  * Number of floating-point constants for tessellation domain programs: 0
15:53:55:  * Number of integer constants for tessellation domain programs: 0
15:53:55:  * Number of boolean constants for tessellation domain programs: 0
15:53:55:  * Compute programs: no
15:53:55:  * Number of floating-point constants for compute programs: 0
15:53:55:  * Number of integer constants for compute programs: 0
15:53:55:  * Number of boolean constants for compute programs: 0
15:53:55:  * Supported Shader Profiles: arbfp1 arbvp1 glsl glsl100 glsl110 glsl120
15:53:55:  * Texture Compression: yes
15:53:55:    - DXT: yes
15:53:55:    - VTC: no
15:53:55:    - PVRTC: no
15:53:55:    - ATC: no
15:53:55:    - ETC1: no
15:53:55:    - ETC2: no
15:53:55:    - BC4/BC5: no
15:53:55:    - BC6H/BC7: no
15:53:55:    - ASTC: no
15:53:55:    - Mipmaps for compressed formats: yes
15:53:55:  * Hardware Occlusion Query: yes
15:53:55:  * User clip planes: yes
15:53:55:  * VET_UBYTE4 vertex element type: yes
15:53:55:  * Infinite far plane projection: yes
15:53:55:  * Hardware render-to-texture: yes
15:53:55:  * Floating point textures: yes
15:53:55:  * Non-power-of-two textures: yes
15:53:55:  * 1d textures: yes
15:53:55:  * Volume textures: yes
15:53:55:  * Multiple Render Targets: 8
15:53:55:    - With different bit depths: yes
15:53:55:  * Point Sprites: yes
15:53:55:  * Hardware Gamma: yes
15:53:55:  * Extended point parameters: yes
15:53:55:  * Max Point Size: 255
15:53:55:  * Vertex texture fetch: yes
15:53:55:  * Number of texture units: 16
15:53:55:  * Number of vertex attributes: 16
15:53:55:  * Stencil buffer depth: 8
15:53:55:  * Number of vertex blend matrices: 0
15:53:55:    - Max vertex textures: 16
15:53:55:    - Vertex textures shared: yes
15:53:55:  * Render to Vertex Buffer : no
15:53:55:  * Hardware Atomic Counters: no
15:53:55:  * PBuffer support: yes
15:53:55:  * Vertex Array Objects: no
15:53:55:  * Separate shader objects: no
15:53:55:  * GLSL SSO redeclare interface block: no
15:53:55:  * Debugging/ profiling events: no
15:53:55:  * Map buffer storage: yes
15:53:55: DefaultWorkQueue('Root') initialising on thread 7fecb33fb7c0.
15:53:55: DefaultWorkQueue('Root')::WorkerFunc - thread 7fec9ffff700 starting.
15:53:55: DefaultWorkQueue('Root')::WorkerFunc - thread 7feca5fe1700 starting.
15:53:55: DefaultWorkQueue('Root')::WorkerFunc - thread 7feca57e0700 starting.
15:53:55: DefaultWorkQueue('Root')::WorkerFunc - thread 7feca4fdf700 starting.
15:53:55: DefaultWorkQueue('Root')::WorkerFunc - thread 7fec9f7fe700 starting.
15:53:55: DefaultWorkQueue('Root')::WorkerFunc - thread 7fec9dffb700 starting.
15:53:55: Particle Renderer Type 'billboard' registered
15:53:55: DefaultWorkQueue('Root')::WorkerFunc - thread 7fec9effd700 starting.
15:53:55: DefaultWorkQueue('Root')::WorkerFunc - thread 7fec9e7fc700 starting.
15:53:55: SceneManagerFactory for type 'BspSceneManager' registered.
15:53:55: Registering ResourceManager for type BspLevel
15:53:55: SceneManagerFactory for type 'PCZSceneManager' registered.
15:53:55: MovableObjectFactory for type 'PCZLight' registered.
15:53:55: MovableObjectFactory for type 'Portal' registered.
15:53:55: MovableObjectFactory for type 'AntiPortal' registered.
15:53:55: PCZone Factory Type 'ZoneType_Octree' registered
15:53:55: SceneManagerFactory for type 'OctreeSceneManager' registered.
15:53:55: Font batangFont using texture size 512x512
15:53:55: Texture: batangFontTexture: Loading 1 faces(PF_BYTE_LA,512x512x1) Internal format is PF_BYTE_LA,512x512x1.
